<?xml version="1.0" encoding="UTF-8"?>
<testng-results skipped="0" failed="0" ignored="0" total="1" passed="1">
  <reporter-output>
  </reporter-output>
  <suite name="Default suite" duration-ms="37212" started-at="2019-11-23T10:59:25Z" finished-at="2019-11-23T11:00:02Z">
    <groups>
    </groups>
    <test name="Default test" duration-ms="37212" started-at="2019-11-23T10:59:25Z" finished-at="2019-11-23T11:00:02Z">
      <class name="Jenkins.NewTest">
        <test-method status="PASS" signature="launchBrowser()[pri:0, instance:Jenkins.NewTest@4cb2c100]" name="launchBrowser" duration-ms="37183" started-at="2019-11-23T10:59:25Z" finished-at="2019-11-23T11:00:02Z">
          <reporter-output>
          </reporter-output>
        </test-method> <!-- launchBrowser -->
      </class> <!-- Jenkins.NewTest -->
    </test> <!-- Default test -->
  </suite> <!-- Default suite -->
</testng-results>
