<?xml version="1.0" encoding="UTF-8"?>
<testng-results skipped="0" failed="0" ignored="0" total="1" passed="1">
  <reporter-output>
  </reporter-output>
  <suite name="Default suite" duration-ms="635" started-at="2019-11-17T17:38:30Z" finished-at="2019-11-17T17:38:31Z">
    <groups>
    </groups>
    <test name="Default test" duration-ms="635" started-at="2019-11-17T17:38:30Z" finished-at="2019-11-17T17:38:31Z">
      <class name="Jenkins.NewTest">
        <test-method status="PASS" signature="launchBrowser()[pri:0, instance:Jenkins.NewTest@61832929]" name="launchBrowser" duration-ms="592" started-at="2019-11-17T17:38:30Z" finished-at="2019-11-17T17:38:31Z">
          <reporter-output>
          </reporter-output>
        </test-method> <!-- launchBrowser -->
      </class> <!-- Jenkins.NewTest -->
    </test> <!-- Default test -->
  </suite> <!-- Default suite -->
</testng-results>
